[19.03.2022 13:41:39] Игрок: Olga Счет: 0
[19.03.2022 13:41:39] Игрок: Anna Счет: 1
[19.03.2022 15:02:59] Игрок: Olga Счет: 0
[19.03.2022 15:02:59] Игрок: Anna Счет: 1
[19.03.2022 15:11:39] Игрок: Slavik Счет: 0
[19.03.2022 15:11:39] Игрок: Anna Счет: 1
[19.03.2022 15:45:24] Игрок: Olga Счет: 0
[19.03.2022 15:45:24] Игрок: Anna Счет: 1
[19.03.2022 15:57:32] Игрок: Slavik Счет: 1
[19.03.2022 15:57:32] Игрок: Anna Счет: 0
[19.03.2022 17:07:05] Игрок: Slavik Счет: 0
[19.03.2022 17:07:05] Игрок: Anna Счет: 1
[19.03.2022 17:23:36] Игрок: Olga Счет: 0
[19.03.2022 17:23:36] Игрок: Anna Счет: 1
[19.03.2022 17:31:15] Игрок: Z Счет: 1
[19.03.2022 17:31:15] Игрок: O Счет: 0
[19.03.2022 17:39:41] Игрок: Oleg Счет: 0
[19.03.2022 17:39:41] Игрок: Anna Счет: 1
[19.03.2022 18:03:13] Игрок: Olga Счет: 0
[19.03.2022 18:03:13] Игрок: Anna Счет: 1
[19.03.2022 18:04:55] Игрок: Olga Счет: 0
[19.03.2022 18:04:55] Игрок: Anna Счет: 1
[19.03.2022 18:25:11] Игрок: Olga Счет: 0
[19.03.2022 18:25:11] Игрок: Anna Счет: 1
[19.03.2022 18:28:43] Игрок: Olga Счет: 0
[19.03.2022 18:28:43] Игрок: Anna Счет: 1
[19.03.2022 18:45:25] Игрок: Pavel Счет: 1
[19.03.2022 18:45:25] Игрок: Oleg Счет: 0
[19.03.2022 19:24:41] Игрок: Olga Счет: 0
[19.03.2022 19:24:41] Игрок: Anna Счет: 1
[19.03.2022 19:29:26] Игрок: A Счет: 1
[19.03.2022 19:29:26] Игрок: R Счет: 0
[19.03.2022 19:33:36] Игрок: Olga Счет: 0
[19.03.2022 19:33:36] Игрок: Anna Счет: 1
[19.03.2022 19:35:39] Игрок: A Счет: 1
[19.03.2022 19:35:39] Игрок: G Счет: 0
[19.03.2022 19:39:14] Игрок: A Счет: 1
[19.03.2022 19:39:14] Игрок: G Счет: 0
[19.03.2022 19:59:47] Игрок: Olga Счет: 0
[19.03.2022 19:59:47] Игрок: Anna Счет: 1
[19.03.2022 20:04:48] Игрок: A Счет: 1
[19.03.2022 20:04:48] Игрок: O Счет: 0
[19.03.2022 20:06:52] Игрок: A Счет: 1
[19.03.2022 20:06:52] Игрок: O Счет: 0
[20.03.2022 12:17:19] Игрок: A Счет: 1
[20.03.2022 12:17:19] Игрок: O Счет: 0
[20.03.2022 12:20:51] Игрок: Oleg Счет: 0
[20.03.2022 12:20:51] Игрок: Anna Счет: 1
[20.03.2022 12:27:09] Игрок: Slavik Счет: 0
[20.03.2022 12:27:09] Игрок: Anna Счет: 1
[20.03.2022 12:32:47] Игрок: Pavel Счет: 0
[20.03.2022 12:32:47] Игрок: Anna Счет: 0
[20.03.2022 15:53:34] Игрок: Slavic Счет: 0
[20.03.2022 15:53:34] Игрок: Anna Счет: 1
[20.03.2022 16:00:27] Игрок: Alex Счет: 1
[20.03.2022 16:00:27] Игрок: Anna Счет: 0
[20.03.2022 16:05:17] Игрок: Pablo Счет: 0
[20.03.2022 16:05:17] Игрок: Anna Счет: 1
[20.03.2022 16:08:37] Игрок: PabloEscobar Счет: 0
[20.03.2022 16:08:37] Игрок: Anna Счет: 1
[20.03.2022 16:11:05] Игрок: PabloEscobar Счет: 1
[20.03.2022 16:11:05] Игрок: Anna Счет: 0
[20.03.2022 16:28:19] Игрок: PabloEscobar Счет: 1
[20.03.2022 16:28:19] Игрок: Anna Счет: 0
[20.03.2022 17:06:17] Игрок: PabloEscobar Счет: 1
[20.03.2022 17:06:17] Игрок: Anna Счет: 0
[20.03.2022 17:26:29] Игрок: PabloEscobar Счет: 1
[20.03.2022 17:26:29] Игрок: Anna Счет: 0
[20.03.2022 21:52:28] Игрок: Olga Счет: 0
[20.03.2022 21:52:28] Игрок: Anna Счет: 0
[20.03.2022 21:55:10] Игрок: PabloEscobar Счет: 0
[20.03.2022 21:55:10] Игрок: Anna Счет: 0
[20.03.2022 21:56:51] Игрок: PabloEscobar Счет: 1
[20.03.2022 21:56:51] Игрок: Anna Счет: 0
[20.03.2022 22:01:22] Игрок: PabloEscobar Счет: 1
[20.03.2022 22:01:22] Игрок: Anna Счет: 0
